nohup: no se tendrá en cuenta la entrada

Experimento  : prep_colorconstancy__meta_sex
Preprocesado : colorconstancy
Metadatos    : ['sex']
Device       : cuda

============================================================
Experimento: prep_colorconstancy__meta_sex
Device: cuda  |  Mixed precision: True
Train: 7009 | Val: 1503
============================================================

/home/maialen/pfg-venv/lib/python3.8/site-packages/torch/optim/lr_scheduler.py:60: UserWarning: The verbose parameter is deprecated. Please use get_last_lr() to access the learning rate.
  warnings.warn(
Epoch 01/30 | Train Loss: 1.7244 Acc: 0.4637 | Val Loss: 1.2663 Acc: 0.6447
  ✓ Mejor modelo guardado (val_loss: 1.2663)
Epoch 02/30 | Train Loss: 1.0430 Acc: 0.6583 | Val Loss: 0.8025 Acc: 0.7026
  ✓ Mejor modelo guardado (val_loss: 0.8025)
Epoch 03/30 | Train Loss: 0.7671 Acc: 0.7017 | Val Loss: 0.7004 Acc: 0.6860
  ✓ Mejor modelo guardado (val_loss: 0.7004)
Epoch 04/30 | Train Loss: 0.6025 Acc: 0.7415 | Val Loss: 0.6895 Acc: 0.7265
  ✓ Mejor modelo guardado (val_loss: 0.6895)
Epoch 05/30 | Train Loss: 0.5416 Acc: 0.7652 | Val Loss: 0.6946 Acc: 0.7651
Epoch 06/30 | Train Loss: 0.4552 Acc: 0.7810 | Val Loss: 0.6748 Acc: 0.7585
  ✓ Mejor modelo guardado (val_loss: 0.6748)
Epoch 07/30 | Train Loss: 0.4119 Acc: 0.8023 | Val Loss: 0.7286 Acc: 0.8037
Epoch 08/30 | Train Loss: 0.3544 Acc: 0.8091 | Val Loss: 0.6273 Acc: 0.7871
  ✓ Mejor modelo guardado (val_loss: 0.6273)
Epoch 09/30 | Train Loss: 0.3038 Acc: 0.8428 | Val Loss: 0.6826 Acc: 0.7831
Epoch 10/30 | Train Loss: 0.3191 Acc: 0.8433 | Val Loss: 0.7295 Acc: 0.8090
Epoch 11/30 | Train Loss: 0.2606 Acc: 0.8419 | Val Loss: 0.6512 Acc: 0.7951
Epoch 12/30 | Train Loss: 0.2549 Acc: 0.8626 | Val Loss: 0.6369 Acc: 0.8177
Epoch 13/30 | Train Loss: 0.1805 Acc: 0.8809 | Val Loss: 0.6239 Acc: 0.8204
  ✓ Mejor modelo guardado (val_loss: 0.6239)
Epoch 14/30 | Train Loss: 0.1590 Acc: 0.8911 | Val Loss: 0.6545 Acc: 0.8210
Epoch 15/30 | Train Loss: 0.1399 Acc: 0.9038 | Val Loss: 0.6748 Acc: 0.8157
Epoch 16/30 | Train Loss: 0.1441 Acc: 0.9128 | Val Loss: 0.6492 Acc: 0.8363
Epoch 17/30 | Train Loss: 0.1215 Acc: 0.9178 | Val Loss: 0.6925 Acc: 0.8456
Epoch 18/30 | Train Loss: 0.0975 Acc: 0.9284 | Val Loss: 0.6451 Acc: 0.8436
Epoch 19/30 | Train Loss: 0.1034 Acc: 0.9188 | Val Loss: 0.6489 Acc: 0.8543
Epoch 20/30 | Train Loss: 0.1139 Acc: 0.9282 | Val Loss: 0.6440 Acc: 0.8510

Early stopping en epoch 20

Entrenamiento completado. Mejor val_loss: 0.6239
Modelo guardado en: /home/maialen/PFG/outputs/models/prep_colorconstancy__meta_sex_best.pth

============================================================
Resultados: prep_colorconstancy__meta_sex
============================================================
  Macro F1        : 0.8160
  Macro Recall    : 0.8544
  Macro Precision : 0.7942
  ROC-AUC         : 0.9724
  mAP             : 0.8815
  Brier Score     : 0.0367  (0=perfecto, 1=peor)
  Melanoma Recall : 0.7605

  Métricas por clase:
  Clase              Prec      Rec       F1      AUC
  --------------------------------------------------
  akiec            0.7288   0.8776   0.7963   0.9883
  bcc              0.7816   0.8831   0.8293   0.9863
  bkl              0.7174   0.8000   0.7564   0.9525
  df               1.0000   0.8235   0.9032   0.9994
  mel              0.4903   0.7605   0.5962   0.9252
  nv               0.9611   0.8360   0.8942   0.9553
  vasc             0.8800   1.0000   0.9362   0.9998

              precision    recall  f1-score   support

       akiec       0.73      0.88      0.80        49
         bcc       0.78      0.88      0.83        77
         bkl       0.72      0.80      0.76       165
          df       1.00      0.82      0.90        17
         mel       0.49      0.76      0.60       167
          nv       0.96      0.84      0.89      1006
        vasc       0.88      1.00      0.94        22

    accuracy                           0.83      1503
   macro avg       0.79      0.85      0.82      1503
weighted avg       0.86      0.83      0.84      1503

  Matriz de confusión guardada en: /home/maialen/PFG/outputs/figures/prep_colorconstancy__meta_sex_confusion_matrix.png
  Probabilidades guardadas en:     /home/maialen/PFG/outputs/probs/prep_colorconstancy__meta_sex_probs.npy
  Resultados guardados en:         /home/maialen/PFG/outputs/results.csv

Experimento finalizado: prep_colorconstancy__meta_sex
Métricas finales: {'experiment': 'prep_colorconstancy__meta_sex', 'preprocess': 'colorconstancy', 'metadata': 'sex', 'macro_f1': 0.816, 'macro_recall': 0.8544, 'macro_precision': 0.7942, 'roc_auc': 0.9724, 'map': 0.8815, 'brier_score': 0.0367, 'melanoma_recall': 0.7605, 'akiec_precision': 0.7288, 'akiec_recall': 0.8776, 'akiec_f1': 0.7963, 'akiec_auc': 0.9883, 'bcc_precision': 0.7816, 'bcc_recall': 0.8831, 'bcc_f1': 0.8293, 'bcc_auc': 0.9863, 'bkl_precision': 0.7174, 'bkl_recall': 0.8, 'bkl_f1': 0.7564, 'bkl_auc': 0.9525, 'df_precision': 1.0, 'df_recall': 0.8235, 'df_f1': 0.9032, 'df_auc': 0.9994, 'mel_precision': 0.4903, 'mel_recall': 0.7605, 'mel_f1': 0.5962, 'mel_auc': 0.9252, 'nv_precision': 0.9611, 'nv_recall': 0.836, 'nv_f1': 0.8942, 'nv_auc': 0.9553, 'vasc_precision': 0.88, 'vasc_recall': 1.0, 'vasc_f1': 0.9362, 'vasc_auc': 0.9998}
