
Experimento  : prep_colorconstancy__meta_localization
Preprocesado : colorconstancy
Metadatos    : ['localization']
Seed         : 42
Device       : cuda

============================================================
Experimento: prep_colorconstancy__meta_localization
Device: cuda  |  Mixed precision: True  |  Seed: 42
Train: 7009 | Val: 1503
============================================================

/home/maialen/pfg-venv/lib/python3.8/site-packages/torch/optim/lr_scheduler.py:60: UserWarning: The verbose parameter is deprecated. Please use get_last_lr() to access the learning rate.
  warnings.warn(
Epoch 01/30 | Train Loss: 1.6807 Acc: 0.6229 | Val Loss: 1.1990 Acc: 0.6361
  ✓ Mejor modelo guardado (val_loss: 1.1990)
Epoch 02/30 | Train Loss: 1.0260 Acc: 0.6657 | Val Loss: 0.7529 Acc: 0.7039
  ✓ Mejor modelo guardado (val_loss: 0.7529)
Epoch 03/30 | Train Loss: 0.7405 Acc: 0.7154 | Val Loss: 0.6893 Acc: 0.6959
  ✓ Mejor modelo guardado (val_loss: 0.6893)
Epoch 04/30 | Train Loss: 0.6052 Acc: 0.7318 | Val Loss: 0.7047 Acc: 0.7132
Epoch 05/30 | Train Loss: 0.5430 Acc: 0.7614 | Val Loss: 0.7280 Acc: 0.7545
Epoch 06/30 | Train Loss: 0.4676 Acc: 0.7836 | Val Loss: 0.5543 Acc: 0.7771
  ✓ Mejor modelo guardado (val_loss: 0.5543)
Epoch 07/30 | Train Loss: 0.3797 Acc: 0.8105 | Val Loss: 0.7043 Acc: 0.8150
Epoch 08/30 | Train Loss: 0.3437 Acc: 0.8232 | Val Loss: 0.6593 Acc: 0.8084
Epoch 09/30 | Train Loss: 0.3121 Acc: 0.8326 | Val Loss: 0.7949 Acc: 0.7831
Epoch 10/30 | Train Loss: 0.2785 Acc: 0.8519 | Val Loss: 0.7156 Acc: 0.7884
Epoch 11/30 | Train Loss: 0.2355 Acc: 0.8596 | Val Loss: 0.6669 Acc: 0.8144
Epoch 12/30 | Train Loss: 0.1870 Acc: 0.8900 | Val Loss: 0.6821 Acc: 0.8370
Epoch 13/30 | Train Loss: 0.1732 Acc: 0.8891 | Val Loss: 0.6768 Acc: 0.8197

Early stopping en epoch 13

Entrenamiento completado. Mejor val_loss: 0.5543
Modelo guardado en: /home/maialen/PFG/outputs/models/prep_colorconstancy__meta_localization_best.pth

============================================================
Resultados: prep_colorconstancy__meta_localization
============================================================
  Macro F1        : 0.6985
  Macro Recall    : 0.8064
  Macro Precision : 0.6321
  ROC-AUC         : 0.9605
  mAP             : 0.8120
  Brier Score     : 0.0440  (0=perfecto, 1=peor)
  Melanoma Recall : 0.6527

  Métricas por clase:
  Clase              Prec      Rec       F1      AUC
  --------------------------------------------------
  akiec            0.4316   0.8367   0.5694   0.9708
  bcc              0.6606   0.9351   0.7742   0.9862
  bkl              0.5801   0.6364   0.6069   0.9251
  df               0.6364   0.8235   0.7179   0.9894
  mel              0.5023   0.6527   0.5677   0.9040
  nv               0.9575   0.8062   0.8753   0.9491
  vasc             0.6562   0.9545   0.7778   0.9987

              precision    recall  f1-score   support

       akiec       0.43      0.84      0.57        49
         bcc       0.66      0.94      0.77        77
         bkl       0.58      0.64      0.61       165
          df       0.64      0.82      0.72        17
         mel       0.50      0.65      0.57       167
          nv       0.96      0.81      0.88      1006
        vasc       0.66      0.95      0.78        22

    accuracy                           0.78      1503
   macro avg       0.63      0.81      0.70      1503
weighted avg       0.83      0.78      0.79      1503

  Matriz de confusión guardada en: /home/maialen/PFG/outputs/figures/prep_colorconstancy__meta_localization_confusion_matrix.png
  Probabilidades guardadas en:     /home/maialen/PFG/outputs/probs/prep_colorconstancy__meta_localization_probs.npy
  Resultados guardados en:         /home/maialen/PFG/outputs/results.csv

Experimento finalizado: prep_colorconstancy__meta_localization
Métricas finales: {'experiment': 'prep_colorconstancy__meta_localization', 'preprocess': 'colorconstancy', 'metadata': 'localization', 'macro_f1': 0.6985, 'macro_recall': 0.8064, 'macro_precision': 0.6321, 'roc_auc': 0.9605, 'map': 0.812, 'brier_score': 0.044, 'melanoma_recall': 0.6527, 'akiec_precision': 0.4316, 'akiec_recall': 0.8367, 'akiec_f1': 0.5694, 'akiec_auc': 0.9708, 'bcc_precision': 0.6606, 'bcc_recall': 0.9351, 'bcc_f1': 0.7742, 'bcc_auc': 0.9862, 'bkl_precision': 0.5801, 'bkl_recall': 0.6364, 'bkl_f1': 0.6069, 'bkl_auc': 0.9251, 'df_precision': 0.6364, 'df_recall': 0.8235, 'df_f1': 0.7179, 'df_auc': 0.9894, 'mel_precision': 0.5023, 'mel_recall': 0.6527, 'mel_f1': 0.5677, 'mel_auc': 0.904, 'nv_precision': 0.9575, 'nv_recall': 0.8062, 'nv_f1': 0.8753, 'nv_auc': 0.9491, 'vasc_precision': 0.6562, 'vasc_recall': 0.9545, 'vasc_f1': 0.7778, 'vasc_auc': 0.9987}
