
Experimento  : prep_colorconstancy__meta_age+sex
Preprocesado : colorconstancy
Metadatos    : ['age', 'sex']
Seed         : 42
Device       : cuda

============================================================
Experimento: prep_colorconstancy__meta_age+sex
Device: cuda  |  Mixed precision: True  |  Seed: 42
Train: 7009 | Val: 1503
============================================================

/home/maialen/pfg-venv/lib/python3.8/site-packages/torch/optim/lr_scheduler.py:60: UserWarning: The verbose parameter is deprecated. Please use get_last_lr() to access the learning rate.
  warnings.warn(
Epoch 01/30 | Train Loss: 1.6921 Acc: 0.4675 | Val Loss: 1.1063 Acc: 0.6560
  ✓ Mejor modelo guardado (val_loss: 1.1063)
Epoch 02/30 | Train Loss: 0.9852 Acc: 0.6713 | Val Loss: 0.7763 Acc: 0.7159
  ✓ Mejor modelo guardado (val_loss: 0.7763)
Epoch 03/30 | Train Loss: 0.7118 Acc: 0.7235 | Val Loss: 0.6599 Acc: 0.7352
  ✓ Mejor modelo guardado (val_loss: 0.6599)
Epoch 04/30 | Train Loss: 0.5747 Acc: 0.7473 | Val Loss: 0.7457 Acc: 0.7405
Epoch 05/30 | Train Loss: 0.5370 Acc: 0.7751 | Val Loss: 0.6675 Acc: 0.7339
Epoch 06/30 | Train Loss: 0.4506 Acc: 0.7897 | Val Loss: 0.6193 Acc: 0.7831
  ✓ Mejor modelo guardado (val_loss: 0.6193)
Epoch 07/30 | Train Loss: 0.3976 Acc: 0.8082 | Val Loss: 0.6975 Acc: 0.8144
Epoch 08/30 | Train Loss: 0.3419 Acc: 0.8194 | Val Loss: 0.7357 Acc: 0.8084
Epoch 09/30 | Train Loss: 0.2891 Acc: 0.8421 | Val Loss: 0.7164 Acc: 0.8257
Epoch 10/30 | Train Loss: 0.2607 Acc: 0.8566 | Val Loss: 0.7274 Acc: 0.8317
Epoch 11/30 | Train Loss: 0.2150 Acc: 0.8672 | Val Loss: 0.6453 Acc: 0.8277
Epoch 12/30 | Train Loss: 0.1973 Acc: 0.8822 | Val Loss: 0.7707 Acc: 0.8370
Epoch 13/30 | Train Loss: 0.1687 Acc: 0.8891 | Val Loss: 0.6391 Acc: 0.8363

Early stopping en epoch 13

Entrenamiento completado. Mejor val_loss: 0.6193
Modelo guardado en: /home/maialen/PFG/outputs/models/prep_colorconstancy__meta_age+sex_best.pth

============================================================
Resultados: prep_colorconstancy__meta_age+sex
============================================================
  Macro F1        : 0.7061
  Macro Recall    : 0.8112
  Macro Precision : 0.6397
  ROC-AUC         : 0.9589
  mAP             : 0.8168
  Brier Score     : 0.0445  (0=perfecto, 1=peor)
  Melanoma Recall : 0.6048

  Métricas por clase:
  Clase              Prec      Rec       F1      AUC
  --------------------------------------------------
  akiec            0.4872   0.7755   0.5984   0.9655
  bcc              0.7209   0.8052   0.7607   0.9839
  bkl              0.5191   0.7394   0.6100   0.9296
  df               0.6400   0.9412   0.7619   0.9988
  mel              0.5206   0.6048   0.5596   0.8861
  nv               0.9612   0.8121   0.8804   0.9494
  vasc             0.6286   1.0000   0.7719   0.9993

              precision    recall  f1-score   support

       akiec       0.49      0.78      0.60        49
         bcc       0.72      0.81      0.76        77
         bkl       0.52      0.74      0.61       165
          df       0.64      0.94      0.76        17
         mel       0.52      0.60      0.56       167
          nv       0.96      0.81      0.88      1006
        vasc       0.63      1.00      0.77        22

    accuracy                           0.78      1503
   macro avg       0.64      0.81      0.71      1503
weighted avg       0.83      0.78      0.80      1503

  Matriz de confusión guardada en: /home/maialen/PFG/outputs/figures/prep_colorconstancy__meta_age+sex_confusion_matrix.png
  Probabilidades guardadas en:     /home/maialen/PFG/outputs/probs/prep_colorconstancy__meta_age+sex_probs.npy
  Resultados guardados en:         /home/maialen/PFG/outputs/results.csv

Experimento finalizado: prep_colorconstancy__meta_age+sex
Métricas finales: {'experiment': 'prep_colorconstancy__meta_age+sex', 'preprocess': 'colorconstancy', 'metadata': 'age+sex', 'macro_f1': 0.7061, 'macro_recall': 0.8112, 'macro_precision': 0.6397, 'roc_auc': 0.9589, 'map': 0.8168, 'brier_score': 0.0445, 'melanoma_recall': 0.6048, 'akiec_precision': 0.4872, 'akiec_recall': 0.7755, 'akiec_f1': 0.5984, 'akiec_auc': 0.9655, 'bcc_precision': 0.7209, 'bcc_recall': 0.8052, 'bcc_f1': 0.7607, 'bcc_auc': 0.9839, 'bkl_precision': 0.5191, 'bkl_recall': 0.7394, 'bkl_f1': 0.61, 'bkl_auc': 0.9296, 'df_precision': 0.64, 'df_recall': 0.9412, 'df_f1': 0.7619, 'df_auc': 0.9988, 'mel_precision': 0.5206, 'mel_recall': 0.6048, 'mel_f1': 0.5596, 'mel_auc': 0.8861, 'nv_precision': 0.9612, 'nv_recall': 0.8121, 'nv_f1': 0.8804, 'nv_auc': 0.9494, 'vasc_precision': 0.6286, 'vasc_recall': 1.0, 'vasc_f1': 0.7719, 'vasc_auc': 0.9993}
