
Experimento  : prep_colorconstancy__meta_sex+localization
Preprocesado : colorconstancy
Metadatos    : ['sex', 'localization']
Seed         : 42
Device       : cuda

============================================================
Experimento: prep_colorconstancy__meta_sex+localization
Device: cuda  |  Mixed precision: True  |  Seed: 42
Train: 7009 | Val: 1503
============================================================

/home/maialen/pfg-venv/lib/python3.8/site-packages/torch/optim/lr_scheduler.py:60: UserWarning: The verbose parameter is deprecated. Please use get_last_lr() to access the learning rate.
  warnings.warn(
Epoch 01/30 | Train Loss: 1.6674 Acc: 0.6513 | Val Loss: 1.1470 Acc: 0.6840
  ✓ Mejor modelo guardado (val_loss: 1.1470)
Epoch 02/30 | Train Loss: 0.9901 Acc: 0.6670 | Val Loss: 0.7354 Acc: 0.6946
  ✓ Mejor modelo guardado (val_loss: 0.7354)
Epoch 03/30 | Train Loss: 0.7230 Acc: 0.7154 | Val Loss: 0.6393 Acc: 0.7199
  ✓ Mejor modelo guardado (val_loss: 0.6393)
Epoch 04/30 | Train Loss: 0.6257 Acc: 0.7376 | Val Loss: 0.7152 Acc: 0.7418
Epoch 05/30 | Train Loss: 0.5425 Acc: 0.7664 | Val Loss: 0.6503 Acc: 0.7525
Epoch 06/30 | Train Loss: 0.4491 Acc: 0.7921 | Val Loss: 0.7844 Acc: 0.7438
Epoch 07/30 | Train Loss: 0.4001 Acc: 0.8070 | Val Loss: 0.7255 Acc: 0.8037
Epoch 08/30 | Train Loss: 0.3308 Acc: 0.8222 | Val Loss: 0.5721 Acc: 0.8130
  ✓ Mejor modelo guardado (val_loss: 0.5721)
Epoch 09/30 | Train Loss: 0.2873 Acc: 0.8458 | Val Loss: 0.6263 Acc: 0.8230
Epoch 10/30 | Train Loss: 0.2649 Acc: 0.8476 | Val Loss: 0.6162 Acc: 0.8277
Epoch 11/30 | Train Loss: 0.2375 Acc: 0.8585 | Val Loss: 0.6412 Acc: 0.8190
Epoch 12/30 | Train Loss: 0.2269 Acc: 0.8700 | Val Loss: 0.7168 Acc: 0.8383
Epoch 13/30 | Train Loss: 0.1892 Acc: 0.8779 | Val Loss: 0.6923 Acc: 0.8410
Epoch 14/30 | Train Loss: 0.1815 Acc: 0.8886 | Val Loss: 0.6760 Acc: 0.8443
Epoch 15/30 | Train Loss: 0.1646 Acc: 0.8899 | Val Loss: 0.6595 Acc: 0.8476

Early stopping en epoch 15

Entrenamiento completado. Mejor val_loss: 0.5721
Modelo guardado en: /home/maialen/PFG/outputs/models/prep_colorconstancy__meta_sex+localization_best.pth

============================================================
Resultados: prep_colorconstancy__meta_sex+localization
============================================================
  Macro F1        : 0.7676
  Macro Recall    : 0.8260
  Macro Precision : 0.7238
  ROC-AUC         : 0.9687
  mAP             : 0.8565
  Brier Score     : 0.0363  (0=perfecto, 1=peor)
  Melanoma Recall : 0.6647

  Métricas por clase:
  Clase              Prec      Rec       F1      AUC
  --------------------------------------------------
  akiec            0.6290   0.7959   0.7027   0.9859
  bcc              0.7753   0.8961   0.8313   0.9894
  bkl              0.6747   0.6788   0.6767   0.9428
  df               0.8421   0.9412   0.8889   0.9981
  mel              0.4744   0.6647   0.5536   0.9119
  nv               0.9469   0.8509   0.8963   0.9533
  vasc             0.7241   0.9545   0.8235   0.9996

              precision    recall  f1-score   support

       akiec       0.63      0.80      0.70        49
         bcc       0.78      0.90      0.83        77
         bkl       0.67      0.68      0.68       165
          df       0.84      0.94      0.89        17
         mel       0.47      0.66      0.55       167
          nv       0.95      0.85      0.90      1006
        vasc       0.72      0.95      0.82        22

    accuracy                           0.81      1503
   macro avg       0.72      0.83      0.77      1503
weighted avg       0.84      0.81      0.82      1503

  Matriz de confusión guardada en: /home/maialen/PFG/outputs/figures/prep_colorconstancy__meta_sex+localization_confusion_matrix.png
  Probabilidades guardadas en:     /home/maialen/PFG/outputs/probs/prep_colorconstancy__meta_sex+localization_probs.npy
  Resultados guardados en:         /home/maialen/PFG/outputs/results.csv

Experimento finalizado: prep_colorconstancy__meta_sex+localization
Métricas finales: {'experiment': 'prep_colorconstancy__meta_sex+localization', 'preprocess': 'colorconstancy', 'metadata': 'sex+localization', 'macro_f1': 0.7676, 'macro_recall': 0.826, 'macro_precision': 0.7238, 'roc_auc': 0.9687, 'map': 0.8565, 'brier_score': 0.0363, 'melanoma_recall': 0.6647, 'akiec_precision': 0.629, 'akiec_recall': 0.7959, 'akiec_f1': 0.7027, 'akiec_auc': 0.9859, 'bcc_precision': 0.7753, 'bcc_recall': 0.8961, 'bcc_f1': 0.8313, 'bcc_auc': 0.9894, 'bkl_precision': 0.6747, 'bkl_recall': 0.6788, 'bkl_f1': 0.6767, 'bkl_auc': 0.9428, 'df_precision': 0.8421, 'df_recall': 0.9412, 'df_f1': 0.8889, 'df_auc': 0.9981, 'mel_precision': 0.4744, 'mel_recall': 0.6647, 'mel_f1': 0.5536, 'mel_auc': 0.9119, 'nv_precision': 0.9469, 'nv_recall': 0.8509, 'nv_f1': 0.8963, 'nv_auc': 0.9533, 'vasc_precision': 0.7241, 'vasc_recall': 0.9545, 'vasc_f1': 0.8235, 'vasc_auc': 0.9996}
