nohup: no se tendrá en cuenta la entrada

Experimento  : prep_colorconstancy__meta_age+sex+localization
Preprocesado : colorconstancy
Metadatos    : ['age', 'sex', 'localization']
Device       : cuda

============================================================
Experimento: prep_colorconstancy__meta_age+sex+localization
Device: cuda  |  Mixed precision: True
Train: 7009 | Val: 1503
============================================================

/home/maialen/pfg-venv/lib/python3.8/site-packages/torch/optim/lr_scheduler.py:60: UserWarning: The verbose parameter is deprecated. Please use get_last_lr() to access the learning rate.
  warnings.warn(
Epoch 01/30 | Train Loss: 1.6689 Acc: 0.6121 | Val Loss: 1.1851 Acc: 0.6780
  ✓ Mejor modelo guardado (val_loss: 1.1851)
Epoch 02/30 | Train Loss: 1.0161 Acc: 0.6677 | Val Loss: 0.7727 Acc: 0.6966
  ✓ Mejor modelo guardado (val_loss: 0.7727)
Epoch 03/30 | Train Loss: 0.7253 Acc: 0.7174 | Val Loss: 0.6952 Acc: 0.6846
  ✓ Mejor modelo guardado (val_loss: 0.6952)
Epoch 04/30 | Train Loss: 0.6079 Acc: 0.7473 | Val Loss: 0.6833 Acc: 0.7339
  ✓ Mejor modelo guardado (val_loss: 0.6833)
Epoch 05/30 | Train Loss: 0.5394 Acc: 0.7677 | Val Loss: 0.6552 Acc: 0.7418
  ✓ Mejor modelo guardado (val_loss: 0.6552)
Epoch 06/30 | Train Loss: 0.4765 Acc: 0.7791 | Val Loss: 0.6759 Acc: 0.7625
Epoch 07/30 | Train Loss: 0.4121 Acc: 0.8118 | Val Loss: 0.6798 Acc: 0.8164
Epoch 08/30 | Train Loss: 0.3686 Acc: 0.8108 | Val Loss: 0.6342 Acc: 0.8064
  ✓ Mejor modelo guardado (val_loss: 0.6342)
Epoch 09/30 | Train Loss: 0.3006 Acc: 0.8393 | Val Loss: 0.6950 Acc: 0.7964
Epoch 10/30 | Train Loss: 0.3386 Acc: 0.8455 | Val Loss: 0.6448 Acc: 0.7997
Epoch 11/30 | Train Loss: 0.2395 Acc: 0.8542 | Val Loss: 0.7037 Acc: 0.8197
Epoch 12/30 | Train Loss: 0.2474 Acc: 0.8625 | Val Loss: 0.8357 Acc: 0.8110
Epoch 13/30 | Train Loss: 0.1862 Acc: 0.8877 | Val Loss: 0.6689 Acc: 0.8124
Epoch 14/30 | Train Loss: 0.1672 Acc: 0.8944 | Val Loss: 0.6704 Acc: 0.8370
Epoch 15/30 | Train Loss: 0.1461 Acc: 0.9030 | Val Loss: 0.7121 Acc: 0.8051

Early stopping en epoch 15

Entrenamiento completado. Mejor val_loss: 0.6342
Modelo guardado en: /home/maialen/PFG/outputs/models/prep_colorconstancy__meta_age+sex+localization_best.pth

============================================================
Resultados: prep_colorconstancy__meta_age+sex+localization
============================================================
  Macro F1        : 0.7651
  Macro Recall    : 0.8123
  Macro Precision : 0.7302
  ROC-AUC         : 0.9676
  mAP             : 0.8401
  Brier Score     : 0.0374  (0=perfecto, 1=peor)
  Melanoma Recall : 0.6886

  Métricas por clase:
  Clase              Prec      Rec       F1      AUC
  --------------------------------------------------
  akiec            0.6129   0.7755   0.6847   0.9765
  bcc              0.7158   0.8831   0.7907   0.9914
  bkl              0.6649   0.7818   0.7187   0.9525
  df               0.8125   0.7647   0.7879   0.9981
  mel              0.5157   0.6886   0.5897   0.9063
  nv               0.9493   0.8380   0.8902   0.9500
  vasc             0.8400   0.9545   0.8936   0.9984

              precision    recall  f1-score   support

       akiec       0.61      0.78      0.68        49
         bcc       0.72      0.88      0.79        77
         bkl       0.66      0.78      0.72       165
          df       0.81      0.76      0.79        17
         mel       0.52      0.69      0.59       167
          nv       0.95      0.84      0.89      1006
        vasc       0.84      0.95      0.89        22

    accuracy                           0.82      1503
   macro avg       0.73      0.81      0.77      1503
weighted avg       0.84      0.82      0.83      1503

  Matriz de confusión guardada en: /home/maialen/PFG/outputs/figures/prep_colorconstancy__meta_age+sex+localization_confusion_matrix.png
  Probabilidades guardadas en:     /home/maialen/PFG/outputs/probs/prep_colorconstancy__meta_age+sex+localization_probs.npy
  Resultados guardados en:         /home/maialen/PFG/outputs/results.csv

Experimento finalizado: prep_colorconstancy__meta_age+sex+localization
Métricas finales: {'experiment': 'prep_colorconstancy__meta_age+sex+localization', 'preprocess': 'colorconstancy', 'metadata': 'age+sex+localization', 'macro_f1': 0.7651, 'macro_recall': 0.8123, 'macro_precision': 0.7302, 'roc_auc': 0.9676, 'map': 0.8401, 'brier_score': 0.0374, 'melanoma_recall': 0.6886, 'akiec_precision': 0.6129, 'akiec_recall': 0.7755, 'akiec_f1': 0.6847, 'akiec_auc': 0.9765, 'bcc_precision': 0.7158, 'bcc_recall': 0.8831, 'bcc_f1': 0.7907, 'bcc_auc': 0.9914, 'bkl_precision': 0.6649, 'bkl_recall': 0.7818, 'bkl_f1': 0.7187, 'bkl_auc': 0.9525, 'df_precision': 0.8125, 'df_recall': 0.7647, 'df_f1': 0.7879, 'df_auc': 0.9981, 'mel_precision': 0.5157, 'mel_recall': 0.6886, 'mel_f1': 0.5897, 'mel_auc': 0.9063, 'nv_precision': 0.9493, 'nv_recall': 0.838, 'nv_f1': 0.8902, 'nv_auc': 0.95, 'vasc_precision': 0.84, 'vasc_recall': 0.9545, 'vasc_f1': 0.8936, 'vasc_auc': 0.9984}
